<?xml version="1.0" encoding="UTF-8"?>
<testsuite xmlns:xsi="http://www.w3.org/2001/XMLSchema-instance" xsi:noNamespaceSchemaLocation="https://maven.apache.org/surefire/maven-failsafe-plugin/xsd/failsafe-test-report.xsd" name="it.io.openliberty.guides.system.SystemEndpointTest" time="0.746" tests="1" errors="0" skipped="0" failures="0">
  <properties>
[...]
</properties>
  <testcase name="testGetProperties" classname="it.io.openliberty.guides.system.SystemEndpointTest" time="0.716"/>
</testsuite>